[Licensing::Module] Trying to connect to existing licensing client channel...
Built from '6000.3/staging' branch; Version is '6000.3.0f1 (d1870ce95baf) revision 13731596'; Using compiler version '194234433'; Build Type 'Release'
[Licensing::IpcConnector] Successfully connected to: "LicenseClient-YTA" at "2025-12-13T11:35:10.4092595Z"
OS: 'Windows 11  (10.0.26100) 64bit Professional' Language: 'tr' Physical Memory: 14029 MB
BatchMode: 1, IsHumanControllingUs: 0, StartBugReporterOnCrash: 0, Is64bit: 1
Date: 2025-12-13T11:35:10Z

COMMAND LINE ARGUMENTS:
D:\C_Calisma\6000.3.0f1\Editor\Unity.exe
-adb2
-batchMode
-noUpm
-name
AssetImportWorker1
-projectPath
D:/YTA/Desktop/Startgate GameJam 2025/Feed the robot
-logFile
Logs/AssetImportWorker1.log
-srvPort
64760
-licensingIpc
LicenseClient-YTA
-job-worker-count
9
-background-job-worker-count
8
-gc-helper-count
1
-name
AssetImport
Successfully changed project path to: D:/YTA/Desktop/Startgate GameJam 2025/Feed the robot
D:/YTA/Desktop/Startgate GameJam 2025/Feed the robot
[UnityMemory] Configuration Parameters - Can be set up in boot.config
    "memorysetup-temp-allocator-size-nav-mesh-worker=65536"
    "memorysetup-temp-allocator-size-audio-worker=65536"
    "memorysetup-temp-allocator-size-gfx=262144"
    "memorysetup-allocator-temp-initial-block-size-main=262144"
    "memorysetup-allocator-temp-initial-block-size-worker=262144"
    "memorysetup-temp-allocator-size-background-worker=32768"
    "memorysetup-temp-allocator-size-job-worker=262144"
    "memorysetup-temp-allocator-size-preload-manager=33554432"
    "memorysetup-temp-allocator-size-gi-baking-worker=262144"
    "memorysetup-temp-allocator-size-gi-baking-worker=262144"
    "memorysetup-temp-allocator-size-gi-baking-worker=262144"
    "memorysetup-temp-allocator-size-gi-baking-worker=262144"
    "memorysetup-temp-allocator-size-gi-baking-worker=262144"
    "memorysetup-bucket-allocator-granularity=16"
    "memorysetup-bucket-allocator-bucket-count=8"
    "memorysetup-bucket-allocator-block-size=33554432"
    "memorysetup-bucket-allocator-block-count=8"
    "memorysetup-main-allocator-block-size=16777216"
    "memorysetup-thread-allocator-block-size=16777216"
    "memorysetup-gfx-main-allocator-block-size=16777216"
    "memorysetup-gfx-thread-allocator-block-size=16777216"
    "memorysetup-cache-allocator-block-size=4194304"
    "memorysetup-typetree-allocator-block-size=2097152"
    "memorysetup-profiler-bucket-allocator-granularity=16"
    "memorysetup-profiler-bucket-allocator-bucket-count=8"
    "memorysetup-profiler-bucket-allocator-block-size=33554432"
    "memorysetup-profiler-bucket-allocator-block-count=8"
    "memorysetup-profiler-allocator-block-size=16777216"
    "memorysetup-profiler-editor-allocator-block-size=1048576"
    "memorysetup-temp-allocator-size-main=16777216"
    "memorysetup-job-temp-allocator-block-size=2097152"
    "memorysetup-job-temp-allocator-block-size-background=1048576"
    "memorysetup-job-temp-allocator-reduction-small-platforms=262144"
    "memorysetup-temp-allocator-size-cloud-worker=32768"
Player connection [4384]  Target information:

Player connection [4384]  * "[IP] 192.168.1.67 [Port] 0 [Flags] 2 [Guid] 2640717915 [EditorId] 2640717915 [Version] 1048832 [Id] WindowsEditor(7,Yigit-PC) [Debug] 1 [PackageName] WindowsEditor [ProjectName] Editor" 

Player connection [4384] Host joined multi-casting on [225.0.0.222:54997]...
Player connection [4384] Host joined alternative multi-casting on [225.0.0.222:34997]...
JobSystem: Creating JobQueue using job-worker-count value 9
Input System module state changed to: Initialized.
[Physics::Module] Initialized fallback backend.
[Physics::Module] Id: 0xdecafbad
Library Redirect Path: Library/
[Physics::Module] Selected backend.
[Physics::Module] Name: PhysX
[Physics::Module] Id: 0xf2b8ea05
[Physics::Module] SDK Version: 4.1.2
[Physics::Module] Integration Version: 1.0.0
[Physics::Module] Threading Mode: Multi-Threaded
Refreshing native plugins compatible for Editor in 3.87 ms, found 4 plugins.
Preloading 0 native plugins for Editor in 0.00 ms.
Initialize engine version: 6000.3.0f1 (d1870ce95baf)
[Subsystems] Discovering subsystems at path D:/C_Calisma/6000.3.0f1/Editor/Data/Resources/UnitySubsystems
[Subsystems] Discovering subsystems at path D:/YTA/Desktop/Startgate GameJam 2025/Feed the robot/Assets
GfxDevice: creating device client; kGfxThreadingModeNonThreaded
Direct3D:
    Version:  Direct3D 11.0 [level 11.1]
    Renderer: NVIDIA GeForce RTX 4060 Laptop GPU (ID=0x28a0)
    Vendor:   NVIDIA
    VRAM:     7957 MB
    Driver:   32.0.15.7703
Initialize mono
Mono path[0] = 'D:/C_Calisma/6000.3.0f1/Editor/Data/Managed'
Mono path[1] = 'D:/C_Calisma/6000.3.0f1/Editor/Data/MonoBleedingEdge/lib/mono/unityjit-win32'
Mono config path = 'D:/C_Calisma/6000.3.0f1/Editor/Data/MonoBleedingEdge/etc'
Using monoOptions --debugger-agent=transport=dt_socket,embedding=1,server=y,suspend=n,address=127.0.0.1:56400
Begin MonoManager ReloadAssembly
[Licensing::Client] Handshaking with LicensingClient:
  Version:                 1.17.4+4293ba1
  Session Id:              582cb2586fa44a53917bf48365e98468
  Correlation Id:          59885fa7c0bf53a5f5e69adc9f88a58f
  External correlation Id: 9221046548913154271
  Machine Id:              mZZ1PC0OObweb8hRKufKTex2toM=
[Licensing::Module] Successfully connected to LicensingClient on channel: "LicenseClient-YTA" (connect: 0.00s, validation: 0.00s, handshake: 1.38s)
[Licensing::IpcConnector] Successfully connected to: "LicenseClient-YTA-notifications" at "2025-12-13T11:35:11.7885243Z"
[Licensing::Module] Licensing Background thread has ended after 1.38s
Registering precompiled unity dll's ...
Register platform support module: D:/C_Calisma/6000.3.0f1/Editor/Data/PlaybackEngines/WebGLSupport/UnityEditor.WebGL.Extensions.dll
Register platform support module: D:/C_Calisma/6000.3.0f1/Editor/Data/PlaybackEngines/WindowsStandaloneSupport/UnityEditor.WindowsStandalone.Extensions.dll
[Licensing::Client] Successfully resolved entitlement details
[Licensing::Module] License group:
  Id: F4-ZVQ7-45W5-PW38-JYCC-XXXX
  Product: Unity Personal
  Type: ULF
  Expiration: Unlimited
[Licensing::Module] License group:
  Id: 18966871761625-UnityPersXXXX
  Product: Unity Personal
  Type: Assigned
  Expiration: Unlimited
Register platform support module: D:/C_Calisma/6000.3.0f1/Editor/Data/PlaybackEngines/MetroSupport/UnityEditor.UWP.Extensions.dll
[Licensing::Client] Successfully resolved entitlement details
[Licensing::Module] License group:
  Id: F4-ZVQ7-45W5-PW38-JYCC-XXXX
  Product: Unity Personal
  Type: ULF
  Expiration: Unlimited
[Licensing::Module] License group:
  Id: 18966871761625-UnityPersXXXX
  Product: Unity Personal
  Type: Assigned
  Expiration: Unlimited
Register platform support module: D:/C_Calisma/6000.3.0f1/Editor/Data/PlaybackEngines/AndroidPlayer/UnityEditor.Android.Extensions.dll
[Licensing::Client] Successfully resolved entitlement details
[Licensing::Module] License group:
  Id: F4-ZVQ7-45W5-PW38-JYCC-XXXX
  Product: Unity Personal
  Type: ULF
  Expiration: Unlimited
[Licensing::Module] License group:
  Id: 18966871761625-UnityPersXXXX
  Product: Unity Personal
  Type: Assigned
  Expiration: Unlimited
Register platform support module: D:/C_Calisma/6000.3.0f1/Editor/Data/PlaybackEngines/iOSSupport/UnityEditor.iOS.Extensions.dll
Registered in 0.014972 seconds.
- Loaded All Assemblies, in  0.825 seconds
[usbmuxd] Start listen thread
[usbmuxd] Listen thread started
Native extension for iOS target not found
Native extension for Android target not found
Android Extension - Scanning For ADB Devices 831 ms
Native extension for UWP target not found
Native extension for WindowsStandalone target not found
Native extension for WebGL target not found
Mono: successfully reloaded assembly
- Finished resetting the current domain, in  1.472 seconds
Domain Reload Profiling: 2296ms
	BeginReloadAssembly (405ms)
		ExecutionOrderSort (0ms)
		DisableScriptedObjects (0ms)
		BackupInstance (0ms)
		ReleaseScriptingObjects (0ms)
		CreateAndSetChildDomain (1ms)
	RebuildCommonClasses (51ms)
	RebuildNativeTypeToScriptingClass (19ms)
	initialDomainReloadingComplete (77ms)
	LoadAllAssembliesAndSetupDomain (273ms)
		LoadAssemblies (406ms)
		RebuildTransferFunctionScriptingTraits (0ms)
		AnalyzeDomain (265ms)
			TypeCache.Refresh (263ms)
				TypeCache.ScanAssembly (248ms)
			BuildScriptInfoCaches (0ms)
			ResolveRequiredComponents (0ms)
	FinalizeReload (1473ms)
		ReleaseScriptCaches (0ms)
		RebuildScriptCaches (0ms)
		SetupLoadedEditorAssemblies (1431ms)
			LogAssemblyErrors (0ms)
			InitializePlatformSupportModulesInManaged (1017ms)
			SetLoadedEditorAssemblies (6ms)
			BeforeProcessingInitializeOnLoad (130ms)
			ProcessInitializeOnLoadAttributes (204ms)
			ProcessInitializeOnLoadMethodAttributes (74ms)
			AfterProcessingInitializeOnLoad (0ms)
			EditorAssembliesLoaded (0ms)
		ExecutionOrderSort2 (0ms)
		AwakeInstancesAfterBackupRestoration (0ms)
========================================================================
Worker process is ready to serve import requests
Import Worker Mode flag is 0x00
Begin MonoManager ReloadAssembly
[Licensing::Client] Successfully resolved entitlement details
[Licensing::Module] License group:
  Id: F4-ZVQ7-45W5-PW38-JYCC-XXXX
  Product: Unity Personal
  Type: ULF
  Expiration: Unlimited
[Licensing::Module] License group:
  Id: 18966871761625-UnityPersXXXX
  Product: Unity Personal
  Type: Assigned
  Expiration: Unlimited
- Loaded All Assemblies, in  1.379 seconds
Refreshing native plugins compatible for Editor in 3.43 ms, found 4 plugins.
Native extension for iOS target not found
Native extension for Android target not found
Native extension for UWP target not found
Native extension for WindowsStandalone target not found
Native extension for WebGL target not found
Package Manager log level set to [2]
[Package Manager] Failed to launch server process. Reason: Unity was launched with the -noUpm command-line argument
[Package Manager] Unable to send message (not connected to server process).
[Package Manager] Cannot connect to Unity Package Manager local server
Mono: successfully reloaded assembly
- Finished resetting the current domain, in  1.309 seconds
Domain Reload Profiling: 2686ms
	BeginReloadAssembly (398ms)
		ExecutionOrderSort (0ms)
		DisableScriptedObjects (11ms)
		BackupInstance (0ms)
		ReleaseScriptingObjects (0ms)
		CreateAndSetChildDomain (40ms)
	RebuildCommonClasses (52ms)
	RebuildNativeTypeToScriptingClass (15ms)
	initialDomainReloadingComplete (53ms)
	LoadAllAssembliesAndSetupDomain (859ms)
		LoadAssemblies (726ms)
		RebuildTransferFunctionScriptingTraits (0ms)
		AnalyzeDomain (422ms)
			TypeCache.Refresh (302ms)
				TypeCache.ScanAssembly (280ms)
			BuildScriptInfoCaches (98ms)
			ResolveRequiredComponents (17ms)
	FinalizeReload (1310ms)
		ReleaseScriptCaches (0ms)
		RebuildScriptCaches (0ms)
		SetupLoadedEditorAssemblies (1083ms)
			LogAssemblyErrors (0ms)
			InitializePlatformSupportModulesInManaged (35ms)
			SetLoadedEditorAssemblies (7ms)
			BeforeProcessingInitializeOnLoad (211ms)
			ProcessInitializeOnLoadAttributes (646ms)
			ProcessInitializeOnLoadMethodAttributes (182ms)
			AfterProcessingInitializeOnLoad (3ms)
			EditorAssembliesLoaded (0ms)
		ExecutionOrderSort2 (0ms)
		AwakeInstancesAfterBackupRestoration (12ms)
Launched and connected shader compiler UnityShaderCompiler.exe after 0.02 seconds
Refreshing native plugins compatible for Editor in 2.59 ms, found 4 plugins.
Preloading 0 native plugins for Editor in 0.00 ms.
Unloading 16 Unused Serialized files (Serialized files now loaded: 0)
Unloading 6928 unused Assets / (4.2 MB). Loaded Objects now: 7781.
Memory consumption went from 158.7 MB to 154.5 MB.
Total: 16.765900 ms (FindLiveObjects: 1.759600 ms CreateObjectMapping: 0.739900 ms MarkObjects: 11.606700 ms  DeleteObjects: 2.657100 ms)

========================================================================
Received Import Request.
  Time since last request: 943301.076733 seconds.
  path: Assets/MachineGunner-Class_1.asset
  artifactKey: Guid(9321cfa1e9449bd47801211ba8a0abaa) Importer(815301076,1909f56bfc062723c751e8b465ee728b)
Start importing Assets/MachineGunner-Class_1.asset using Guid(9321cfa1e9449bd47801211ba8a0abaa) Importer(815301076,1909f56bfc062723c751e8b465ee728b) (PreviewImporter) -> (artifact id: 'ef9dd496872453fa6ce8895e3361f031') in 0.127241 seconds
Number of updated asset objects reloaded before import = 0Number of asset objects unloaded after import = 3

========================================================================
Received Import Request.
  Time since last request: 0.000033 seconds.
  path: Assets/dotted-arrows_41.asset
  artifactKey: Guid(d61b938690649a3458da5a6fa62067b7) Importer(815301076,1909f56bfc062723c751e8b465ee728b)
Start importing Assets/dotted-arrows_41.asset using Guid(d61b938690649a3458da5a6fa62067b7) Importer(815301076,1909f56bfc062723c751e8b465ee728b) (PreviewImporter) -> (artifact id: '83671be71a6c1396cf2c2e3b4040e53c') in 0.021316 seconds
Number of updated asset objects reloaded before import = 0Number of asset objects unloaded after import = 3

========================================================================
Received Import Request.
  Time since last request: 0.000022 seconds.
  path: Assets/dotted-arrows_101.asset
  artifactKey: Guid(8ca79490c4880c441845d3409f170f07) Importer(815301076,1909f56bfc062723c751e8b465ee728b)
Start importing Assets/dotted-arrows_101.asset using Guid(8ca79490c4880c441845d3409f170f07) Importer(815301076,1909f56bfc062723c751e8b465ee728b) (PreviewImporter) -> (artifact id: '074ad6705d3ab1285660ee946f19edbe') in 0.0198015 seconds
Number of updated asset objects reloaded before import = 0Number of asset objects unloaded after import = 3

========================================================================
Received Import Request.
  Time since last request: 0.000044 seconds.
  path: Assets/dotted-arrows_26.asset
  artifactKey: Guid(4484e52033403e44ab0948320259f2ab) Importer(815301076,1909f56bfc062723c751e8b465ee728b)
Start importing Assets/dotted-arrows_26.asset using Guid(4484e52033403e44ab0948320259f2ab) Importer(815301076,1909f56bfc062723c751e8b465ee728b) (PreviewImporter) -> (artifact id: '7d813c10c78f728d283a6ff8b02eee8f') in 0.0195037 seconds
Number of updated asset objects reloaded before import = 0Number of asset objects unloaded after import = 3

========================================================================
Received Import Request.
  Time since last request: 0.000019 seconds.
  path: Assets/icon-set_27.asset
  artifactKey: Guid(12d7f0bd59f62eb4c89ba8c16b2854b7) Importer(815301076,1909f56bfc062723c751e8b465ee728b)
Start importing Assets/icon-set_27.asset using Guid(12d7f0bd59f62eb4c89ba8c16b2854b7) Importer(815301076,1909f56bfc062723c751e8b465ee728b) (PreviewImporter) -> (artifact id: 'cde750a3077b5b38b07bb2ed586d3139') in 0.0197463 seconds
Number of updated asset objects reloaded before import = 0Number of asset objects unloaded after import = 3

========================================================================
Received Import Request.
  Time since last request: 0.000020 seconds.
  path: Assets/dotted-arrows_56.asset
  artifactKey: Guid(4f27b86f5c487ca4db5178c550afc368) Importer(815301076,1909f56bfc062723c751e8b465ee728b)
Start importing Assets/dotted-arrows_56.asset using Guid(4f27b86f5c487ca4db5178c550afc368) Importer(815301076,1909f56bfc062723c751e8b465ee728b) (PreviewImporter) -> (artifact id: '286d30aa89ab0c94170f1ce76210b6ff') in 0.0280205 seconds
Number of updated asset objects reloaded before import = 0Number of asset objects unloaded after import = 3

========================================================================
Received Import Request.
  Time since last request: 0.000025 seconds.
  path: Assets/dotted-arrows_80.asset
  artifactKey: Guid(cae5f2dd1e2c8e74cb51c12e5b32a4e0) Importer(815301076,1909f56bfc062723c751e8b465ee728b)
Start importing Assets/dotted-arrows_80.asset using Guid(cae5f2dd1e2c8e74cb51c12e5b32a4e0) Importer(815301076,1909f56bfc062723c751e8b465ee728b) (PreviewImporter) -> (artifact id: '0a9b6ea1ed3000798dab314e09197baf') in 0.025982 seconds
Number of updated asset objects reloaded before import = 0Number of asset objects unloaded after import = 3

========================================================================
Received Import Request.
  Time since last request: 0.000033 seconds.
  path: Assets/MachineGunner-Class_4.asset
  artifactKey: Guid(61c2dff0fbe65a64e9fc0757262f68cc) Importer(815301076,1909f56bfc062723c751e8b465ee728b)
Start importing Assets/MachineGunner-Class_4.asset using Guid(61c2dff0fbe65a64e9fc0757262f68cc) Importer(815301076,1909f56bfc062723c751e8b465ee728b) (PreviewImporter) -> (artifact id: '2a259b1c01ecbcfbb24ea203b242da9a') in 0.0174182 seconds
Number of updated asset objects reloaded before import = 0Number of asset objects unloaded after import = 3

========================================================================
Received Import Request.
  Time since last request: 0.000023 seconds.
  path: Assets/MachineGunner-Class_14.asset
  artifactKey: Guid(c68a646e6042dd1438a095f96d337241) Importer(815301076,1909f56bfc062723c751e8b465ee728b)
Start importing Assets/MachineGunner-Class_14.asset using Guid(c68a646e6042dd1438a095f96d337241) Importer(815301076,1909f56bfc062723c751e8b465ee728b) (PreviewImporter) -> (artifact id: '34c98a18656a3b71166c3e4f47a68a8b') in 0.0180464 seconds
Number of updated asset objects reloaded before import = 0Number of asset objects unloaded after import = 3

========================================================================
Received Import Request.
  Time since last request: 0.000028 seconds.
  path: Assets/icon-set_17.asset
  artifactKey: Guid(d7d40702bdf117b48bf34c86413d4a19) Importer(815301076,1909f56bfc062723c751e8b465ee728b)
Start importing Assets/icon-set_17.asset using Guid(d7d40702bdf117b48bf34c86413d4a19) Importer(815301076,1909f56bfc062723c751e8b465ee728b) (PreviewImporter) -> (artifact id: 'ee61224e9169f482a90d06d4ce16352a') in 0.0200024 seconds
Number of updated asset objects reloaded before import = 0Number of asset objects unloaded after import = 3

========================================================================
Received Import Request.
  Time since last request: 0.000028 seconds.
  path: Assets/dotted-arrows_45.asset
  artifactKey: Guid(bb16ae4a02d6b6e4aa9d227707769a4c) Importer(815301076,1909f56bfc062723c751e8b465ee728b)
Start importing Assets/dotted-arrows_45.asset using Guid(bb16ae4a02d6b6e4aa9d227707769a4c) Importer(815301076,1909f56bfc062723c751e8b465ee728b) (PreviewImporter) -> (artifact id: 'a489115f539518f0abd40f97f32d4e6f') in 0.0191317 seconds
Number of updated asset objects reloaded before import = 0Number of asset objects unloaded after import = 3

========================================================================
Received Import Request.
  Time since last request: 0.000034 seconds.
  path: Assets/MachineGunner-Class_8.asset
  artifactKey: Guid(f1cb3e6619837c04fa7bc582d98bd3ed) Importer(815301076,1909f56bfc062723c751e8b465ee728b)
Start importing Assets/MachineGunner-Class_8.asset using Guid(f1cb3e6619837c04fa7bc582d98bd3ed) Importer(815301076,1909f56bfc062723c751e8b465ee728b) (PreviewImporter) -> (artifact id: '1e9c0b3b3ff9b39ba58bbe7ed185aa35') in 0.0190808 seconds
Number of updated asset objects reloaded before import = 0Number of asset objects unloaded after import = 3

========================================================================
Received Import Request.
  Time since last request: 0.000041 seconds.
  path: Assets/2.5Terrain.prefab
  artifactKey: Guid(09c4aec33dfa474409e179b3a02a640f) Importer(815301076,1909f56bfc062723c751e8b465ee728b)
Start importing Assets/2.5Terrain.prefab using Guid(09c4aec33dfa474409e179b3a02a640f) Importer(815301076,1909f56bfc062723c751e8b465ee728b) (PreviewImporter) -> (artifact id: 'f20c7e82508a05638b5f3a35616fc154') in 0.549561 seconds
Number of updated asset objects reloaded before import = 0Number of asset objects unloaded after import = 27

========================================================================
Received Import Request.
  Time since last request: 0.000052 seconds.
  path: Assets/icon-set_31.asset
  artifactKey: Guid(88105f56661199e4d9b2c15e9f459efc) Importer(815301076,1909f56bfc062723c751e8b465ee728b)
Start importing Assets/icon-set_31.asset using Guid(88105f56661199e4d9b2c15e9f459efc) Importer(815301076,1909f56bfc062723c751e8b465ee728b) (PreviewImporter) -> (artifact id: '88b1dc3c0fed6fdbcb05946a9739865b') in 0.0204873 seconds
Number of updated asset objects reloaded before import = 0Number of asset objects unloaded after import = 3

========================================================================
Received Import Request.
  Time since last request: 0.000046 seconds.
  path: Assets/dotted-arrows_17.asset
  artifactKey: Guid(05a82de754ad2224caf4d2397e079df4) Importer(815301076,1909f56bfc062723c751e8b465ee728b)
Start importing Assets/dotted-arrows_17.asset using Guid(05a82de754ad2224caf4d2397e079df4) Importer(815301076,1909f56bfc062723c751e8b465ee728b) (PreviewImporter) -> (artifact id: '4f92c80dddfdffc705575d12a35bf5cf') in 0.0184738 seconds
Number of updated asset objects reloaded before import = 0Number of asset objects unloaded after import = 3

========================================================================
Received Import Request.
  Time since last request: 0.000028 seconds.
  path: Assets/dotted-arrows_40.asset
  artifactKey: Guid(f2ab6230aff18c942a10757ec42d35dd) Importer(815301076,1909f56bfc062723c751e8b465ee728b)
Start importing Assets/dotted-arrows_40.asset using Guid(f2ab6230aff18c942a10757ec42d35dd) Importer(815301076,1909f56bfc062723c751e8b465ee728b) (PreviewImporter) -> (artifact id: 'dfdb1e924e7677fd5b105953bc78dd89') in 0.0183817 seconds
Number of updated asset objects reloaded before import = 0Number of asset objects unloaded after import = 3

========================================================================
Received Import Request.
  Time since last request: 0.000030 seconds.
  path: Assets/Deneme_Palette.prefab
  artifactKey: Guid(c592c8e2ab16a0b4c9f572275bd557b7) Importer(815301076,1909f56bfc062723c751e8b465ee728b)
Start importing Assets/Deneme_Palette.prefab using Guid(c592c8e2ab16a0b4c9f572275bd557b7) Importer(815301076,1909f56bfc062723c751e8b465ee728b) (PreviewImporter) -> (artifact id: '686a741193d3460f1ca6f1700478d527') in 0.0249729 seconds
Number of updated asset objects reloaded before import = 0Number of asset objects unloaded after import = 13

========================================================================
Received Import Request.
  Time since last request: 0.000026 seconds.
  path: Assets/dotted-arrows_76.asset
  artifactKey: Guid(4d4a4955ceed35546aba3f967fbcf333) Importer(815301076,1909f56bfc062723c751e8b465ee728b)
Start importing Assets/dotted-arrows_76.asset using Guid(4d4a4955ceed35546aba3f967fbcf333) Importer(815301076,1909f56bfc062723c751e8b465ee728b) (PreviewImporter) -> (artifact id: '97386290836dfe00e5104d2e399e9596') in 0.0220428 seconds
Number of updated asset objects reloaded before import = 0Number of asset objects unloaded after import = 3

========================================================================
Received Import Request.
  Time since last request: 0.000033 seconds.
  path: Assets/icon-set_23.asset
  artifactKey: Guid(e944fd1fe2253004ba374a4a433647d0) Importer(815301076,1909f56bfc062723c751e8b465ee728b)
Start importing Assets/icon-set_23.asset using Guid(e944fd1fe2253004ba374a4a433647d0) Importer(815301076,1909f56bfc062723c751e8b465ee728b) (PreviewImporter) -> (artifact id: 'f3e3f57f1034964eb683526547f7e941') in 0.0204853 seconds
Number of updated asset objects reloaded before import = 0Number of asset objects unloaded after import = 3

========================================================================
Received Import Request.
  Time since last request: 0.000027 seconds.
  path: Assets/dotted-arrows_42.asset
  artifactKey: Guid(a5a561beed7a09a45ae975cbefbd04b4) Importer(815301076,1909f56bfc062723c751e8b465ee728b)
Start importing Assets/dotted-arrows_42.asset using Guid(a5a561beed7a09a45ae975cbefbd04b4) Importer(815301076,1909f56bfc062723c751e8b465ee728b) (PreviewImporter) -> (artifact id: '6abdb6315bae3b706ea52a53b32e2dbb') in 0.0167153 seconds
Number of updated asset objects reloaded before import = 0Number of asset objects unloaded after import = 3

========================================================================
Received Import Request.
  Time since last request: 0.000033 seconds.
  path: Assets/Iconlar.prefab
  artifactKey: Guid(a7c79f55d1b347b42a2fa813f8ed9f30) Importer(815301076,1909f56bfc062723c751e8b465ee728b)
Start importing Assets/Iconlar.prefab using Guid(a7c79f55d1b347b42a2fa813f8ed9f30) Importer(815301076,1909f56bfc062723c751e8b465ee728b) (PreviewImporter) -> (artifact id: 'bc48b3a47da023e135c7d575f0317e0b') in 0.0368394 seconds
Number of updated asset objects reloaded before import = 0Number of asset objects unloaded after import = 91

========================================================================
Received Import Request.
  Time since last request: 0.000034 seconds.
  path: Assets/icon-set_8.asset
  artifactKey: Guid(9aeef9902db30cc45bda044dcbd518fa) Importer(815301076,1909f56bfc062723c751e8b465ee728b)
Start importing Assets/icon-set_8.asset using Guid(9aeef9902db30cc45bda044dcbd518fa) Importer(815301076,1909f56bfc062723c751e8b465ee728b) (PreviewImporter) -> (artifact id: '345571fdb1f6de2e217c7c2bd8a60685') in 0.0158817 seconds
Number of updated asset objects reloaded before import = 0Number of asset objects unloaded after import = 3

========================================================================
Received Import Request.
  Time since last request: 0.000041 seconds.
  path: Assets/MachineGunner-Class_2.asset
  artifactKey: Guid(6a75f53c080eb414db7ec88e0683a94a) Importer(815301076,1909f56bfc062723c751e8b465ee728b)
Start importing Assets/MachineGunner-Class_2.asset using Guid(6a75f53c080eb414db7ec88e0683a94a) Importer(815301076,1909f56bfc062723c751e8b465ee728b) (PreviewImporter) -> (artifact id: '777d84f3ab24394023041cdb417079af') in 0.0222092 seconds
Number of updated asset objects reloaded before import = 0Number of asset objects unloaded after import = 3

========================================================================
Received Import Request.
  Time since last request: 0.000029 seconds.
  path: Assets/dotted-arrows_88.asset
  artifactKey: Guid(25d5d712e672c9e40ad7ce35c3bcf030) Importer(815301076,1909f56bfc062723c751e8b465ee728b)
Start importing Assets/dotted-arrows_88.asset using Guid(25d5d712e672c9e40ad7ce35c3bcf030) Importer(815301076,1909f56bfc062723c751e8b465ee728b) (PreviewImporter) -> (artifact id: 'be6d75e739ab2efab324df0d9125f2af') in 0.0181121 seconds
Number of updated asset objects reloaded before import = 0Number of asset objects unloaded after import = 3

========================================================================
Received Import Request.
  Time since last request: 0.000032 seconds.
  path: Assets/numbers_5.asset
  artifactKey: Guid(020368a166d7e7e428b828cd70ea0393) Importer(815301076,1909f56bfc062723c751e8b465ee728b)
Start importing Assets/numbers_5.asset using Guid(020368a166d7e7e428b828cd70ea0393) Importer(815301076,1909f56bfc062723c751e8b465ee728b) (PreviewImporter) -> (artifact id: '222cb656cad9d4ea7bd46a6e524f4351') in 0.0203077 seconds
Number of updated asset objects reloaded before import = 0Number of asset objects unloaded after import = 3

========================================================================
Received Import Request.
  Time since last request: 0.000027 seconds.
  path: Assets/dotted-arrows_98.asset
  artifactKey: Guid(290d71a4be13e6941a43cc4e61fd60c1) Importer(815301076,1909f56bfc062723c751e8b465ee728b)
Start importing Assets/dotted-arrows_98.asset using Guid(290d71a4be13e6941a43cc4e61fd60c1) Importer(815301076,1909f56bfc062723c751e8b465ee728b) (PreviewImporter) -> (artifact id: '3cc619398ea32bd639c0e5a06d7bc87f') in 0.0172613 seconds
Number of updated asset objects reloaded before import = 0Number of asset objects unloaded after import = 3

========================================================================
Received Import Request.
  Time since last request: 0.000024 seconds.
  path: Assets/dotted-arrows_4.asset
  artifactKey: Guid(8cf1f7e918f61a94dbba25c4ffb91b80) Importer(815301076,1909f56bfc062723c751e8b465ee728b)
Start importing Assets/dotted-arrows_4.asset using Guid(8cf1f7e918f61a94dbba25c4ffb91b80) Importer(815301076,1909f56bfc062723c751e8b465ee728b) (PreviewImporter) -> (artifact id: 'c57bffce22dcce2dca2f9f796314d0bf') in 0.0166814 seconds
Number of updated asset objects reloaded before import = 0Number of asset objects unloaded after import = 3

========================================================================
Received Import Request.
  Time since last request: 0.000031 seconds.
  path: Assets/dotted-arrows_48.asset
  artifactKey: Guid(1c8ff0b1bb9dde747856c091619dd2f0) Importer(815301076,1909f56bfc062723c751e8b465ee728b)
Start importing Assets/dotted-arrows_48.asset using Guid(1c8ff0b1bb9dde747856c091619dd2f0) Importer(815301076,1909f56bfc062723c751e8b465ee728b) (PreviewImporter) -> (artifact id: 'be1c8a525c20ad9af8f60a21507827af') in 0.0163539 seconds
Number of updated asset objects reloaded before import = 0Number of asset objects unloaded after import = 3

========================================================================
Received Import Request.
  Time since last request: 0.000034 seconds.
  path: Assets/icon-set_37.asset
  artifactKey: Guid(be05df11b0036b6468ada2770f29685a) Importer(815301076,1909f56bfc062723c751e8b465ee728b)
Start importing Assets/icon-set_37.asset using Guid(be05df11b0036b6468ada2770f29685a) Importer(815301076,1909f56bfc062723c751e8b465ee728b) (PreviewImporter) -> (artifact id: 'bef0cd81af06b4e62ccba4ebfb84c143') in 0.0191145 seconds
Number of updated asset objects reloaded before import = 0Number of asset objects unloaded after import = 3

========================================================================
Received Import Request.
  Time since last request: 0.000028 seconds.
  path: Assets/dotted-arrows_16.asset
  artifactKey: Guid(9ebf763ecbcaf054aaa61dd8670e22fc) Importer(815301076,1909f56bfc062723c751e8b465ee728b)
Start importing Assets/dotted-arrows_16.asset using Guid(9ebf763ecbcaf054aaa61dd8670e22fc) Importer(815301076,1909f56bfc062723c751e8b465ee728b) (PreviewImporter) -> (artifact id: 'fad657d04e0d96aa13652224abcc5533') in 0.0162159 seconds
Number of updated asset objects reloaded before import = 0Number of asset objects unloaded after import = 3

Editor requested this worker to shutdown with reason: Scaling down because of idle timeout
AssetImportWorker is now disconnected from the server
Process exiting
Exiting without the bug reporter. Application will terminate with return code 0