[Licensing::Module] Trying to connect to existing licensing client channel...
Built from '6000.3/staging' branch; Version is '6000.3.0f1 (d1870ce95baf) revision 13731596'; Using compiler version '194234433'; Build Type 'Release'
OS: 'Windows 11  (10.0.26100) 64bit Professional' Language: 'tr' Physical Memory: 14029 MB
[Licensing::IpcConnector] Successfully connected to: "LicenseClient-YTA" at "2025-12-13T11:35:10.3525926Z"
BatchMode: 1, IsHumanControllingUs: 0, StartBugReporterOnCrash: 0, Is64bit: 1
Date: 2025-12-13T11:35:10Z

COMMAND LINE ARGUMENTS:
D:\C_Calisma\6000.3.0f1\Editor\Unity.exe
-adb2
-batchMode
-noUpm
-name
AssetImportWorker0
-projectPath
D:/YTA/Desktop/Startgate GameJam 2025/Feed the robot
-logFile
Logs/AssetImportWorker0.log
-srvPort
64760
-licensingIpc
LicenseClient-YTA
-job-worker-count
9
-background-job-worker-count
8
-gc-helper-count
1
-name
AssetImport
Successfully changed project path to: D:/YTA/Desktop/Startgate GameJam 2025/Feed the robot
D:/YTA/Desktop/Startgate GameJam 2025/Feed the robot
[UnityMemory] Configuration Parameters - Can be set up in boot.config
    "memorysetup-temp-allocator-size-nav-mesh-worker=65536"
    "memorysetup-temp-allocator-size-audio-worker=65536"
    "memorysetup-temp-allocator-size-gfx=262144"
    "memorysetup-allocator-temp-initial-block-size-main=262144"
    "memorysetup-allocator-temp-initial-block-size-worker=262144"
    "memorysetup-temp-allocator-size-background-worker=32768"
    "memorysetup-temp-allocator-size-job-worker=262144"
    "memorysetup-temp-allocator-size-preload-manager=33554432"
    "memorysetup-temp-allocator-size-gi-baking-worker=262144"
    "memorysetup-temp-allocator-size-gi-baking-worker=262144"
    "memorysetup-temp-allocator-size-gi-baking-worker=262144"
    "memorysetup-temp-allocator-size-gi-baking-worker=262144"
    "memorysetup-temp-allocator-size-gi-baking-worker=262144"
    "memorysetup-bucket-allocator-granularity=16"
    "memorysetup-bucket-allocator-bucket-count=8"
    "memorysetup-bucket-allocator-block-size=33554432"
    "memorysetup-bucket-allocator-block-count=8"
    "memorysetup-main-allocator-block-size=16777216"
    "memorysetup-thread-allocator-block-size=16777216"
    "memorysetup-gfx-main-allocator-block-size=16777216"
    "memorysetup-gfx-thread-allocator-block-size=16777216"
    "memorysetup-cache-allocator-block-size=4194304"
    "memorysetup-typetree-allocator-block-size=2097152"
    "memorysetup-profiler-bucket-allocator-granularity=16"
    "memorysetup-profiler-bucket-allocator-bucket-count=8"
    "memorysetup-profiler-bucket-allocator-block-size=33554432"
    "memorysetup-profiler-bucket-allocator-block-count=8"
    "memorysetup-profiler-allocator-block-size=16777216"
    "memorysetup-profiler-editor-allocator-block-size=1048576"
    "memorysetup-temp-allocator-size-main=16777216"
    "memorysetup-job-temp-allocator-block-size=2097152"
    "memorysetup-job-temp-allocator-block-size-background=1048576"
    "memorysetup-job-temp-allocator-reduction-small-platforms=262144"
    "memorysetup-temp-allocator-size-cloud-worker=32768"
Player connection [8812]  Target information:

Player connection [8812]  * "[IP] 192.168.1.67 [Port] 0 [Flags] 2 [Guid] 1322394132 [EditorId] 1322394132 [Version] 1048832 [Id] WindowsEditor(7,Yigit-PC) [Debug] 1 [PackageName] WindowsEditor [ProjectName] Editor" 

Player connection [8812] Host joined multi-casting on [225.0.0.222:54997]...
Player connection [8812] Host joined alternative multi-casting on [225.0.0.222:34997]...
JobSystem: Creating JobQueue using job-worker-count value 9
Input System module state changed to: Initialized.
[Physics::Module] Initialized fallback backend.
[Physics::Module] Id: 0xdecafbad
Library Redirect Path: Library/
[Physics::Module] Selected backend.
[Physics::Module] Name: PhysX
[Physics::Module] Id: 0xf2b8ea05
[Physics::Module] SDK Version: 4.1.2
[Physics::Module] Integration Version: 1.0.0
[Physics::Module] Threading Mode: Multi-Threaded
Refreshing native plugins compatible for Editor in 4.65 ms, found 4 plugins.
Preloading 0 native plugins for Editor in 0.00 ms.
Initialize engine version: 6000.3.0f1 (d1870ce95baf)
[Subsystems] Discovering subsystems at path D:/C_Calisma/6000.3.0f1/Editor/Data/Resources/UnitySubsystems
[Subsystems] Discovering subsystems at path D:/YTA/Desktop/Startgate GameJam 2025/Feed the robot/Assets
GfxDevice: creating device client; kGfxThreadingModeNonThreaded
Direct3D:
    Version:  Direct3D 11.0 [level 11.1]
    Renderer: NVIDIA GeForce RTX 4060 Laptop GPU (ID=0x28a0)
    Vendor:   NVIDIA
    VRAM:     7957 MB
    Driver:   32.0.15.7703
Initialize mono
Mono path[0] = 'D:/C_Calisma/6000.3.0f1/Editor/Data/Managed'
Mono path[1] = 'D:/C_Calisma/6000.3.0f1/Editor/Data/MonoBleedingEdge/lib/mono/unityjit-win32'
Mono config path = 'D:/C_Calisma/6000.3.0f1/Editor/Data/MonoBleedingEdge/etc'
Using monoOptions --debugger-agent=transport=dt_socket,embedding=1,server=y,suspend=n,address=127.0.0.1:56268
Begin MonoManager ReloadAssembly
[Licensing::Client] Handshaking with LicensingClient:
  Version:                 1.17.4+4293ba1
  Session Id:              9979e82cbbd8466da6722297b7d44287
  Correlation Id:          59885fa7c0bf53a5f5e69adc9f88a58f
  External correlation Id: 728071653038490509
  Machine Id:              mZZ1PC0OObweb8hRKufKTex2toM=
[Licensing::Module] Successfully connected to LicensingClient on channel: "LicenseClient-YTA" (connect: 0.00s, validation: 0.00s, handshake: 1.37s)
[Licensing::IpcConnector] Successfully connected to: "LicenseClient-YTA-notifications" at "2025-12-13T11:35:11.7279786Z"
[Licensing::Module] Licensing Background thread has ended after 1.38s
Registering precompiled unity dll's ...
Register platform support module: D:/C_Calisma/6000.3.0f1/Editor/Data/PlaybackEngines/WebGLSupport/UnityEditor.WebGL.Extensions.dll
Register platform support module: D:/C_Calisma/6000.3.0f1/Editor/Data/PlaybackEngines/WindowsStandaloneSupport/UnityEditor.WindowsStandalone.Extensions.dll
[Licensing::Client] Successfully resolved entitlement details
[Licensing::Module] License group:
  Id: F4-ZVQ7-45W5-PW38-JYCC-XXXX
  Product: Unity Personal
  Type: ULF
  Expiration: Unlimited
[Licensing::Module] License group:
  Id: 18966871761625-UnityPersXXXX
  Product: Unity Personal
  Type: Assigned
  Expiration: Unlimited
Register platform support module: D:/C_Calisma/6000.3.0f1/Editor/Data/PlaybackEngines/MetroSupport/UnityEditor.UWP.Extensions.dll
[Licensing::Client] Successfully resolved entitlement details
[Licensing::Module] License group:
  Id: F4-ZVQ7-45W5-PW38-JYCC-XXXX
  Product: Unity Personal
  Type: ULF
  Expiration: Unlimited
[Licensing::Module] License group:
  Id: 18966871761625-UnityPersXXXX
  Product: Unity Personal
  Type: Assigned
  Expiration: Unlimited
Register platform support module: D:/C_Calisma/6000.3.0f1/Editor/Data/PlaybackEngines/AndroidPlayer/UnityEditor.Android.Extensions.dll
[Licensing::Client] Successfully resolved entitlement details
[Licensing::Module] License group:
  Id: F4-ZVQ7-45W5-PW38-JYCC-XXXX
  Product: Unity Personal
  Type: ULF
  Expiration: Unlimited
[Licensing::Module] License group:
  Id: 18966871761625-UnityPersXXXX
  Product: Unity Personal
  Type: Assigned
  Expiration: Unlimited
Register platform support module: D:/C_Calisma/6000.3.0f1/Editor/Data/PlaybackEngines/iOSSupport/UnityEditor.iOS.Extensions.dll
Registered in 0.014707 seconds.
- Loaded All Assemblies, in  0.758 seconds
[usbmuxd] Start listen thread
[usbmuxd] Listen thread started
Native extension for iOS target not found
Native extension for Android target not found
Android Extension - Scanning For ADB Devices 786 ms
Native extension for UWP target not found
Native extension for WindowsStandalone target not found
Native extension for WebGL target not found
Mono: successfully reloaded assembly
- Finished resetting the current domain, in  1.426 seconds
Domain Reload Profiling: 2183ms
	BeginReloadAssembly (402ms)
		ExecutionOrderSort (0ms)
		DisableScriptedObjects (0ms)
		BackupInstance (0ms)
		ReleaseScriptingObjects (0ms)
		CreateAndSetChildDomain (1ms)
	RebuildCommonClasses (49ms)
	RebuildNativeTypeToScriptingClass (13ms)
	initialDomainReloadingComplete (72ms)
	LoadAllAssembliesAndSetupDomain (222ms)
		LoadAssemblies (403ms)
		RebuildTransferFunctionScriptingTraits (0ms)
		AnalyzeDomain (214ms)
			TypeCache.Refresh (212ms)
				TypeCache.ScanAssembly (195ms)
			BuildScriptInfoCaches (0ms)
			ResolveRequiredComponents (1ms)
	FinalizeReload (1426ms)
		ReleaseScriptCaches (0ms)
		RebuildScriptCaches (0ms)
		SetupLoadedEditorAssemblies (1373ms)
			LogAssemblyErrors (0ms)
			InitializePlatformSupportModulesInManaged (963ms)
			SetLoadedEditorAssemblies (6ms)
			BeforeProcessingInitializeOnLoad (133ms)
			ProcessInitializeOnLoadAttributes (203ms)
			ProcessInitializeOnLoadMethodAttributes (66ms)
			AfterProcessingInitializeOnLoad (0ms)
			EditorAssembliesLoaded (0ms)
		ExecutionOrderSort2 (0ms)
		AwakeInstancesAfterBackupRestoration (0ms)
========================================================================
Worker process is ready to serve import requests
Import Worker Mode flag is 0x00
Begin MonoManager ReloadAssembly
[Licensing::Client] Successfully resolved entitlement details
[Licensing::Module] License group:
  Id: F4-ZVQ7-45W5-PW38-JYCC-XXXX
  Product: Unity Personal
  Type: ULF
  Expiration: Unlimited
[Licensing::Module] License group:
  Id: 18966871761625-UnityPersXXXX
  Product: Unity Personal
  Type: Assigned
  Expiration: Unlimited
- Loaded All Assemblies, in  1.264 seconds
Refreshing native plugins compatible for Editor in 2.03 ms, found 4 plugins.
Native extension for iOS target not found
Native extension for Android target not found
Native extension for UWP target not found
Native extension for WindowsStandalone target not found
Native extension for WebGL target not found
Package Manager log level set to [2]
[Package Manager] Failed to launch server process. Reason: Unity was launched with the -noUpm command-line argument
[Package Manager] Unable to send message (not connected to server process).
[Package Manager] Cannot connect to Unity Package Manager local server
Mono: successfully reloaded assembly
- Finished resetting the current domain, in  1.344 seconds
Domain Reload Profiling: 2607ms
	BeginReloadAssembly (365ms)
		ExecutionOrderSort (0ms)
		DisableScriptedObjects (5ms)
		BackupInstance (0ms)
		ReleaseScriptingObjects (0ms)
		CreateAndSetChildDomain (43ms)
	RebuildCommonClasses (42ms)
	RebuildNativeTypeToScriptingClass (12ms)
	initialDomainReloadingComplete (37ms)
	LoadAllAssembliesAndSetupDomain (808ms)
		LoadAssemblies (675ms)
		RebuildTransferFunctionScriptingTraits (0ms)
		AnalyzeDomain (392ms)
			TypeCache.Refresh (277ms)
				TypeCache.ScanAssembly (256ms)
			BuildScriptInfoCaches (89ms)
			ResolveRequiredComponents (19ms)
	FinalizeReload (1344ms)
		ReleaseScriptCaches (0ms)
		RebuildScriptCaches (0ms)
		SetupLoadedEditorAssemblies (1109ms)
			LogAssemblyErrors (0ms)
			InitializePlatformSupportModulesInManaged (36ms)
			SetLoadedEditorAssemblies (6ms)
			BeforeProcessingInitializeOnLoad (206ms)
			ProcessInitializeOnLoadAttributes (701ms)
			ProcessInitializeOnLoadMethodAttributes (157ms)
			AfterProcessingInitializeOnLoad (1ms)
			EditorAssembliesLoaded (0ms)
		ExecutionOrderSort2 (0ms)
		AwakeInstancesAfterBackupRestoration (6ms)
Launched and connected shader compiler UnityShaderCompiler.exe after 0.02 seconds
Refreshing native plugins compatible for Editor in 6.20 ms, found 4 plugins.
Preloading 0 native plugins for Editor in 0.00 ms.
Unloading 16 Unused Serialized files (Serialized files now loaded: 0)
Unloading 6928 unused Assets / (4.4 MB). Loaded Objects now: 7781.
Memory consumption went from 158.6 MB to 154.2 MB.
Total: 29.438700 ms (FindLiveObjects: 2.214000 ms CreateObjectMapping: 0.725400 ms MarkObjects: 23.637600 ms  DeleteObjects: 2.858900 ms)

========================================================================
Received Import Request.
  Time since last request: 943300.835691 seconds.
  path: Assets/dotted-arrows_32.asset
  artifactKey: Guid(9d044f53ad1bbdb4c85fcd643a8cbfc7) Importer(815301076,1909f56bfc062723c751e8b465ee728b)
Start importing Assets/dotted-arrows_32.asset using Guid(9d044f53ad1bbdb4c85fcd643a8cbfc7) Importer(815301076,1909f56bfc062723c751e8b465ee728b) (PreviewImporter) -> (artifact id: '60d79d5afb0a23b201391d83f55a3f7a') in 0.1841277 seconds
Number of updated asset objects reloaded before import = 0Number of asset objects unloaded after import = 3

========================================================================
Received Import Request.
  Time since last request: 0.000050 seconds.
  path: Assets/dotted-arrows_58.asset
  artifactKey: Guid(4d1d85f0c7a48e143aeb740bc129268f) Importer(815301076,1909f56bfc062723c751e8b465ee728b)
Start importing Assets/dotted-arrows_58.asset using Guid(4d1d85f0c7a48e143aeb740bc129268f) Importer(815301076,1909f56bfc062723c751e8b465ee728b) (PreviewImporter) -> (artifact id: '9640a2bc7e863bc0e1c24bef9ef2f4b3') in 0.0184641 seconds
Number of updated asset objects reloaded before import = 0Number of asset objects unloaded after import = 3

========================================================================
Received Import Request.
  Time since last request: 0.000040 seconds.
  path: Assets/icon-set_29.asset
  artifactKey: Guid(3a1ff5561c7616d419104e6dabc4c33d) Importer(815301076,1909f56bfc062723c751e8b465ee728b)
Start importing Assets/icon-set_29.asset using Guid(3a1ff5561c7616d419104e6dabc4c33d) Importer(815301076,1909f56bfc062723c751e8b465ee728b) (PreviewImporter) -> (artifact id: '0a4769489a609c2881a6893e58082a52') in 0.0249916 seconds
Number of updated asset objects reloaded before import = 0Number of asset objects unloaded after import = 3

========================================================================
Received Import Request.
  Time since last request: 0.000023 seconds.
  path: Assets/Matematik.prefab
  artifactKey: Guid(ecb05083f327c1c4cb5d6644f0847d35) Importer(815301076,1909f56bfc062723c751e8b465ee728b)
Start importing Assets/Matematik.prefab using Guid(ecb05083f327c1c4cb5d6644f0847d35) Importer(815301076,1909f56bfc062723c751e8b465ee728b) (PreviewImporter) -> (artifact id: '53ce696fb1b6271b572a62d501403fb8') in 0.8254277 seconds
Number of updated asset objects reloaded before import = 0Number of asset objects unloaded after import = 161

========================================================================
Received Import Request.
  Time since last request: 0.000039 seconds.
  path: Assets/dotted-arrows_100.asset
  artifactKey: Guid(443f77dd591def146b58c23deb52e05e) Importer(815301076,1909f56bfc062723c751e8b465ee728b)
Start importing Assets/dotted-arrows_100.asset using Guid(443f77dd591def146b58c23deb52e05e) Importer(815301076,1909f56bfc062723c751e8b465ee728b) (PreviewImporter) -> (artifact id: 'e374488868a120df58585802f6f547c2') in 0.0194372 seconds
Number of updated asset objects reloaded before import = 0Number of asset objects unloaded after import = 3

========================================================================
Received Import Request.
  Time since last request: 0.000062 seconds.
  path: Assets/icon-set_7.asset
  artifactKey: Guid(ab89f5227586a0049839c7e82c5e56ea) Importer(815301076,1909f56bfc062723c751e8b465ee728b)
Start importing Assets/icon-set_7.asset using Guid(ab89f5227586a0049839c7e82c5e56ea) Importer(815301076,1909f56bfc062723c751e8b465ee728b) (PreviewImporter) -> (artifact id: 'ce131d6bb47b8cad34391df84430207e') in 0.0201251 seconds
Number of updated asset objects reloaded before import = 0Number of asset objects unloaded after import = 3

========================================================================
Received Import Request.
  Time since last request: 0.000028 seconds.
  path: Assets/MachineGunner-Class_12.asset
  artifactKey: Guid(dc2433c386d07fc489357ed5dc07ef8f) Importer(815301076,1909f56bfc062723c751e8b465ee728b)
Start importing Assets/MachineGunner-Class_12.asset using Guid(dc2433c386d07fc489357ed5dc07ef8f) Importer(815301076,1909f56bfc062723c751e8b465ee728b) (PreviewImporter) -> (artifact id: '3ed24667e3815749b2d71abac66af878') in 0.0215556 seconds
Number of updated asset objects reloaded before import = 0Number of asset objects unloaded after import = 3

========================================================================
Received Import Request.
  Time since last request: 0.000037 seconds.
  path: Assets/dotted-arrows_31.asset
  artifactKey: Guid(d65c319e85357814585ef6d91f8f8361) Importer(815301076,1909f56bfc062723c751e8b465ee728b)
Start importing Assets/dotted-arrows_31.asset using Guid(d65c319e85357814585ef6d91f8f8361) Importer(815301076,1909f56bfc062723c751e8b465ee728b) (PreviewImporter) -> (artifact id: 'c0d67808458a6828302fa57d9a1ba2b5') in 0.0250738 seconds
Number of updated asset objects reloaded before import = 0Number of asset objects unloaded after import = 3

========================================================================
Received Import Request.
  Time since last request: 0.000028 seconds.
  path: Assets/dotted-arrows_89.asset
  artifactKey: Guid(44a47a9ebb07fa247aabfd84a224355d) Importer(815301076,1909f56bfc062723c751e8b465ee728b)
Start importing Assets/dotted-arrows_89.asset using Guid(44a47a9ebb07fa247aabfd84a224355d) Importer(815301076,1909f56bfc062723c751e8b465ee728b) (PreviewImporter) -> (artifact id: '6ce81d963d12c914e93a6c6ee25d1293') in 0.0194816 seconds
Number of updated asset objects reloaded before import = 0Number of asset objects unloaded after import = 3

========================================================================
Received Import Request.
  Time since last request: 0.000036 seconds.
  path: Assets/icon-set_2.asset
  artifactKey: Guid(7a2f516f65643e743b18543d3e06cb89) Importer(815301076,1909f56bfc062723c751e8b465ee728b)
Start importing Assets/icon-set_2.asset using Guid(7a2f516f65643e743b18543d3e06cb89) Importer(815301076,1909f56bfc062723c751e8b465ee728b) (PreviewImporter) -> (artifact id: 'f399146333e26a32f77eaddd49e97593') in 0.0199125 seconds
Number of updated asset objects reloaded before import = 0Number of asset objects unloaded after import = 3

========================================================================
Received Import Request.
  Time since last request: 0.000023 seconds.
  path: Assets/dotted-arrows_0.asset
  artifactKey: Guid(7ce35df05cf47aa4f860e286fe512d0f) Importer(815301076,1909f56bfc062723c751e8b465ee728b)
Start importing Assets/dotted-arrows_0.asset using Guid(7ce35df05cf47aa4f860e286fe512d0f) Importer(815301076,1909f56bfc062723c751e8b465ee728b) (PreviewImporter) -> (artifact id: '40a67e29e8d972eafc7b7475a9af53ca') in 0.0230222 seconds
Number of updated asset objects reloaded before import = 0Number of asset objects unloaded after import = 3

========================================================================
Received Import Request.
  Time since last request: 0.000048 seconds.
  path: Assets/numbers_1.asset
  artifactKey: Guid(ce621f21e9f69fc4d999a9cff538de73) Importer(815301076,1909f56bfc062723c751e8b465ee728b)
Start importing Assets/numbers_1.asset using Guid(ce621f21e9f69fc4d999a9cff538de73) Importer(815301076,1909f56bfc062723c751e8b465ee728b) (PreviewImporter) -> (artifact id: '9b0126045bc1e9f18dcdea3ff7690769') in 0.0202028 seconds
Number of updated asset objects reloaded before import = 0Number of asset objects unloaded after import = 3

========================================================================
Received Import Request.
  Time since last request: 0.000029 seconds.
  path: Assets/dotted-arrows_59.asset
  artifactKey: Guid(8be9df0344c7cc34899d73b65786008a) Importer(815301076,1909f56bfc062723c751e8b465ee728b)
Start importing Assets/dotted-arrows_59.asset using Guid(8be9df0344c7cc34899d73b65786008a) Importer(815301076,1909f56bfc062723c751e8b465ee728b) (PreviewImporter) -> (artifact id: '68cc1d8cee4337c0afb025622e933943') in 0.0189449 seconds
Number of updated asset objects reloaded before import = 0Number of asset objects unloaded after import = 3

========================================================================
Received Import Request.
  Time since last request: 0.000028 seconds.
  path: Assets/icon-set_15.asset
  artifactKey: Guid(3c2e11e7596481d498ee7f7302c961a3) Importer(815301076,1909f56bfc062723c751e8b465ee728b)
Start importing Assets/icon-set_15.asset using Guid(3c2e11e7596481d498ee7f7302c961a3) Importer(815301076,1909f56bfc062723c751e8b465ee728b) (PreviewImporter) -> (artifact id: '3aa4ec1e510968c69b730129113ce5a9') in 0.0168217 seconds
Number of updated asset objects reloaded before import = 0Number of asset objects unloaded after import = 3

========================================================================
Received Import Request.
  Time since last request: 0.000040 seconds.
  path: Assets/dotted-arrows_81.asset
  artifactKey: Guid(d80a001943d9d8e4c9063f74ec86427a) Importer(815301076,1909f56bfc062723c751e8b465ee728b)
Start importing Assets/dotted-arrows_81.asset using Guid(d80a001943d9d8e4c9063f74ec86427a) Importer(815301076,1909f56bfc062723c751e8b465ee728b) (PreviewImporter) -> (artifact id: 'ee80902597ebeb2976673326bab2d17b') in 0.0163647 seconds
Number of updated asset objects reloaded before import = 0Number of asset objects unloaded after import = 3

========================================================================
Received Import Request.
  Time since last request: 0.000029 seconds.
  path: Assets/icon-set_33.asset
  artifactKey: Guid(6f3013d6ba4830d4898a90f3b2a75ecc) Importer(815301076,1909f56bfc062723c751e8b465ee728b)
Start importing Assets/icon-set_33.asset using Guid(6f3013d6ba4830d4898a90f3b2a75ecc) Importer(815301076,1909f56bfc062723c751e8b465ee728b) (PreviewImporter) -> (artifact id: 'e5e750e88daabba96873be4f4636ad88') in 0.0180869 seconds
Number of updated asset objects reloaded before import = 0Number of asset objects unloaded after import = 3

========================================================================
Received Import Request.
  Time since last request: 0.000032 seconds.
  path: Assets/icon-set_3.asset
  artifactKey: Guid(fb75e5512ca852b4ba12279206661bfb) Importer(815301076,1909f56bfc062723c751e8b465ee728b)
Start importing Assets/icon-set_3.asset using Guid(fb75e5512ca852b4ba12279206661bfb) Importer(815301076,1909f56bfc062723c751e8b465ee728b) (PreviewImporter) -> (artifact id: '168ac90413182e0ff8ad797ff99e4eb8') in 0.0233023 seconds
Number of updated asset objects reloaded before import = 0Number of asset objects unloaded after import = 3

========================================================================
Received Import Request.
  Time since last request: 0.000033 seconds.
  path: Assets/dotted-arrows_9.asset
  artifactKey: Guid(ee36e3ffc0fb2304792f59b7e769ef76) Importer(815301076,1909f56bfc062723c751e8b465ee728b)
Start importing Assets/dotted-arrows_9.asset using Guid(ee36e3ffc0fb2304792f59b7e769ef76) Importer(815301076,1909f56bfc062723c751e8b465ee728b) (PreviewImporter) -> (artifact id: 'b8ed94c0c4770642789a925d99cf0585') in 0.0206095 seconds
Number of updated asset objects reloaded before import = 0Number of asset objects unloaded after import = 3

========================================================================
Received Import Request.
  Time since last request: 0.000032 seconds.
  path: Assets/dotted-arrows_36.asset
  artifactKey: Guid(25d57a936be4a9a41a0df32bf24c4937) Importer(815301076,1909f56bfc062723c751e8b465ee728b)
Start importing Assets/dotted-arrows_36.asset using Guid(25d57a936be4a9a41a0df32bf24c4937) Importer(815301076,1909f56bfc062723c751e8b465ee728b) (PreviewImporter) -> (artifact id: 'ebd99e83b2af2b4cc2bc93f3dd82c87b') in 0.0234166 seconds
Number of updated asset objects reloaded before import = 0Number of asset objects unloaded after import = 3

========================================================================
Received Import Request.
  Time since last request: 0.000039 seconds.
  path: Assets/dotted-arrows_57.asset
  artifactKey: Guid(54ee9e00a9dc0e549a2f1e6981e39aa1) Importer(815301076,1909f56bfc062723c751e8b465ee728b)
Start importing Assets/dotted-arrows_57.asset using Guid(54ee9e00a9dc0e549a2f1e6981e39aa1) Importer(815301076,1909f56bfc062723c751e8b465ee728b) (PreviewImporter) -> (artifact id: '7b9afe3729a476d12ecf3aabbebb69c9') in 0.0182369 seconds
Number of updated asset objects reloaded before import = 0Number of asset objects unloaded after import = 3

========================================================================
Received Import Request.
  Time since last request: 0.000033 seconds.
  path: Assets/icon-set_36.asset
  artifactKey: Guid(be9ebcd87421a184fa484e0f3b9f9fab) Importer(815301076,1909f56bfc062723c751e8b465ee728b)
Start importing Assets/icon-set_36.asset using Guid(be9ebcd87421a184fa484e0f3b9f9fab) Importer(815301076,1909f56bfc062723c751e8b465ee728b) (PreviewImporter) -> (artifact id: '7e7dd318f77ae528fd01a29d3e1f57e4') in 0.0192121 seconds
Number of updated asset objects reloaded before import = 0Number of asset objects unloaded after import = 3

========================================================================
Received Import Request.
  Time since last request: 0.000026 seconds.
  path: Assets/MachineGunner-Class_0.asset
  artifactKey: Guid(f399369cb889952498d67808512a3182) Importer(815301076,1909f56bfc062723c751e8b465ee728b)
Start importing Assets/MachineGunner-Class_0.asset using Guid(f399369cb889952498d67808512a3182) Importer(815301076,1909f56bfc062723c751e8b465ee728b) (PreviewImporter) -> (artifact id: 'faa22056de2b79d3faa06c0169ea09db') in 0.0161249 seconds
Number of updated asset objects reloaded before import = 0Number of asset objects unloaded after import = 3

========================================================================
Received Import Request.
  Time since last request: 0.000053 seconds.
  path: Assets/MachineGunner-Class_10.asset
  artifactKey: Guid(7e73230733702ce4d9a40918eead4be5) Importer(815301076,1909f56bfc062723c751e8b465ee728b)
Start importing Assets/MachineGunner-Class_10.asset using Guid(7e73230733702ce4d9a40918eead4be5) Importer(815301076,1909f56bfc062723c751e8b465ee728b) (PreviewImporter) -> (artifact id: '91a0a5d55e37e15e837d0f20fc5f5a4f') in 0.0188467 seconds
Number of updated asset objects reloaded before import = 0Number of asset objects unloaded after import = 3

========================================================================
Received Import Request.
  Time since last request: 0.000026 seconds.
  path: Assets/dotted-arrows_21.asset
  artifactKey: Guid(3abe3b5a8d26ddc4681903e90b387fc0) Importer(815301076,1909f56bfc062723c751e8b465ee728b)
Start importing Assets/dotted-arrows_21.asset using Guid(3abe3b5a8d26ddc4681903e90b387fc0) Importer(815301076,1909f56bfc062723c751e8b465ee728b) (PreviewImporter) -> (artifact id: '56245b2bd762772d689a5a05b6a281cc') in 0.0154038 seconds
Number of updated asset objects reloaded before import = 0Number of asset objects unloaded after import = 3

========================================================================
Received Import Request.
  Time since last request: 0.000021 seconds.
  path: Assets/MachineGunner-Class_3.asset
  artifactKey: Guid(63c2faa59f47c1e4e91eb86257a9dc5b) Importer(815301076,1909f56bfc062723c751e8b465ee728b)
Start importing Assets/MachineGunner-Class_3.asset using Guid(63c2faa59f47c1e4e91eb86257a9dc5b) Importer(815301076,1909f56bfc062723c751e8b465ee728b) (PreviewImporter) -> (artifact id: '43c25983c7df203d26779e32ab3c4f84') in 0.0198879 seconds
Number of updated asset objects reloaded before import = 0Number of asset objects unloaded after import = 3

========================================================================
Received Import Request.
  Time since last request: 0.000045 seconds.
  path: Assets/icon-set_21.asset
  artifactKey: Guid(2b82f9171d1b6534a8a03a146a14ac2f) Importer(815301076,1909f56bfc062723c751e8b465ee728b)
Start importing Assets/icon-set_21.asset using Guid(2b82f9171d1b6534a8a03a146a14ac2f) Importer(815301076,1909f56bfc062723c751e8b465ee728b) (PreviewImporter) -> (artifact id: 'be6c8594bbe0b7756349151e040d69ee') in 0.0159908 seconds
Number of updated asset objects reloaded before import = 0Number of asset objects unloaded after import = 3

========================================================================
Received Import Request.
  Time since last request: 0.000027 seconds.
  path: Assets/MachineGunner-Class_11.asset
  artifactKey: Guid(ebbc8c210de2c6b4a907aa2ed49422c7) Importer(815301076,1909f56bfc062723c751e8b465ee728b)
Start importing Assets/MachineGunner-Class_11.asset using Guid(ebbc8c210de2c6b4a907aa2ed49422c7) Importer(815301076,1909f56bfc062723c751e8b465ee728b) (PreviewImporter) -> (artifact id: 'c662337a6cbb2a687f049f389a410961') in 0.0165461 seconds
Number of updated asset objects reloaded before import = 0Number of asset objects unloaded after import = 3

========================================================================
Received Import Request.
  Time since last request: 0.000057 seconds.
  path: Assets/dotted-arrows_83.asset
  artifactKey: Guid(a7da6c8f430b4f74383dc269823211e9) Importer(815301076,1909f56bfc062723c751e8b465ee728b)
Start importing Assets/dotted-arrows_83.asset using Guid(a7da6c8f430b4f74383dc269823211e9) Importer(815301076,1909f56bfc062723c751e8b465ee728b) (PreviewImporter) -> (artifact id: 'c707a460b39a674992e104c5e1624b96') in 0.0167298 seconds
Number of updated asset objects reloaded before import = 0Number of asset objects unloaded after import = 3

========================================================================
Received Import Request.
  Time since last request: 0.000029 seconds.
  path: Assets/dotted-arrows_63.asset
  artifactKey: Guid(54f7a977c8a37ad43b6d5cb615e7a33b) Importer(815301076,1909f56bfc062723c751e8b465ee728b)
Start importing Assets/dotted-arrows_63.asset using Guid(54f7a977c8a37ad43b6d5cb615e7a33b) Importer(815301076,1909f56bfc062723c751e8b465ee728b) (PreviewImporter) -> (artifact id: '333e102bc058390114f661aa7ea9b2d9') in 0.0160004 seconds
Number of updated asset objects reloaded before import = 0Number of asset objects unloaded after import = 3

========================================================================
Received Import Request.
  Time since last request: 0.000028 seconds.
  path: Assets/Enemy1.prefab
  artifactKey: Guid(45adbd540d03cb44882993a8ed372276) Importer(815301076,1909f56bfc062723c751e8b465ee728b)
Start importing Assets/Enemy1.prefab using Guid(45adbd540d03cb44882993a8ed372276) Importer(815301076,1909f56bfc062723c751e8b465ee728b) (PreviewImporter) -> (artifact id: 'b19c1db983c7f1e0fb79cae41edad918') in 0.027979 seconds
Number of updated asset objects reloaded before import = 0Number of asset objects unloaded after import = 39

Editor requested this worker to shutdown with reason: Scaling down because of idle timeout
AssetImportWorker is now disconnected from the server
Process exiting
Exiting without the bug reporter. Application will terminate with return code 0